<?xml version="1.0" encoding="UTF-8"?>
<!-- Generated by org.testng.reporters.JUnitReportReporter -->
<testsuite hostname="LAPTOP-H8L9GDQJ" failures="0" tests="3" name="testCases.LoginTest" time="69.869" errors="0" timestamp="2025-07-23T17:44:44 IST" skipped="0">
  <testcase classname="testCases.LoginTest" name="testValidLogin" time="15.718"/>
  <testcase classname="testCases.LoginTest" name="testValidLogin" time="14.035"/>
  <testcase classname="testCases.LoginTest" name="testValidLogin" time="40.116"/>
</testsuite> <!-- testCases.LoginTest -->
