<?xml version="1.0" encoding="UTF-8"?>
<!-- Generated by org.testng.reporters.JUnitReportReporter -->
<testsuite hostname="LAPTOP-H8L9GDQJ" failures="0" tests="3" name="tests.CreateAccountTest" time="99.188" errors="0" timestamp="2025-07-10T23:27:59 IST" skipped="0">
  <testcase classname="tests.CreateAccountTest" name="verifyAccountCreation" time="15.472"/>
  <testcase classname="tests.CreateAccountTest" name="verifyAccountCreation" time="32.473"/>
  <testcase classname="tests.CreateAccountTest" name="verifyAccountCreation" time="51.243"/>
</testsuite> <!-- tests.CreateAccountTest -->
