<?xml version="1.0" encoding="UTF-8"?>
<!-- Generated by org.testng.reporters.JUnitReportReporter -->
<testsuite hostname="LAPTOP-H8L9GDQJ" failures="0" tests="3" name="tests.CreateAccountTest" time="135.032" errors="0" timestamp="2025-07-11T00:01:38 IST" skipped="0">
  <testcase classname="tests.CreateAccountTest" name="verifyAccountCreation" time="8.419"/>
  <system-out/>
  <testcase classname="tests.CreateAccountTest" name="verifyAccountCreation" time="53.755"/>
  <system-out/>
  <testcase classname="tests.CreateAccountTest" name="verifyAccountCreation" time="72.858"/>
  <system-out/>
</testsuite> <!-- tests.CreateAccountTest -->
